<?xml version="1.0" encoding="UTF-8"?>
<testsuite xmlns:xsi="http://www.w3.org/2001/XMLSchema-instance" xsi:noNamespaceSchemaLocation="https://maven.apache.org/surefire/maven-surefire-plugin/xsd/surefire-test-report-3.0.xsd" version="3.0" name="com.eafit.calculatordvj.CalculatorApplicationTests" time="8.574" tests="8" errors="0" skipped="0" failures="0">
  <properties>
[...]
</properties>
  <testcase name="testSum" classname="com.eafit.calculatordvj.CalculatorApplicationTests" time="2.374">
    <system-out><![CDATA[20:57:02.803 [main] INFO org.springframework.test.context.support.AnnotationConfigContextLoaderUtils -- Could not detect default configuration classes for test class [com.eafit.calculatordvj.CalculatorApplicationTests]: CalculatorApplicationTests does not declare any static, non-private, non-final, nested classes annotated with @Configuration.
20:57:02.993 [main] INFO org.springframework.boot.test.context.SpringBootTestContextBootstrapper -- Found @SpringBootConfiguration com.eafit.calculatordvj.CalculatorApplication for test class com.eafit.calculatordvj.CalculatorApplicationTests

  .   ____          _            __ _ _
 /\\ / ___'_ __ _ _(_)_ __  __ _ \ \ \ \
( ( )\___ | '_ | '_| | '_ \/ _` | \ \ \ \
 \\/  ___)| |_)| | | | | || (_| |  ) ) ) )
  '  |____| .__|_| |_|_| |_\__, | / / / /
 =========|_|==============|___/=/_/_/_/
 :: Spring Boot ::                (v3.1.4)

2023-10-18T20:57:04.032-05:00  INFO 73364 --- [           main] c.e.c.CalculatorApplicationTests         : Starting CalculatorApplicationTests using Java 17.0.4 with PID 73364 (started by julian in /Users/julian/projects/cicdapp-dvj)
2023-10-18T20:57:04.036-05:00  INFO 73364 --- [           main] c.e.c.CalculatorApplicationTests         : No active profile set, falling back to 1 default profile: "default"
2023-10-18T20:57:07.208-05:00  INFO 73364 --- [           main] o.s.b.w.embedded.tomcat.TomcatWebServer  : Tomcat initialized with port(s): 0 (http)
2023-10-18T20:57:07.234-05:00  INFO 73364 --- [           main] o.apache.catalina.core.StandardService   : Starting service [Tomcat]
2023-10-18T20:57:07.234-05:00  INFO 73364 --- [           main] o.apache.catalina.core.StandardEngine    : Starting Servlet engine: [Apache Tomcat/10.1.13]
2023-10-18T20:57:07.394-05:00  INFO 73364 --- [           main] o.a.c.c.C.[Tomcat].[localhost].[/]       : Initializing Spring embedded WebApplicationContext
2023-10-18T20:57:07.396-05:00  INFO 73364 --- [           main] w.s.c.ServletWebServerApplicationContext : Root WebApplicationContext: initialization completed in 3274 ms
2023-10-18T20:57:08.305-05:00  INFO 73364 --- [           main] o.s.b.a.e.web.EndpointLinksResolver      : Exposing 1 endpoint(s) beneath base path '/actuator'
2023-10-18T20:57:08.418-05:00  INFO 73364 --- [           main] o.s.b.w.embedded.tomcat.TomcatWebServer  : Tomcat started on port(s): 49266 (http) with context path ''
2023-10-18T20:57:08.436-05:00  INFO 73364 --- [           main] c.e.c.CalculatorApplicationTests         : Started CalculatorApplicationTests in 5.146 seconds (process running for 7.447)
2023-10-18T20:57:10.728-05:00  INFO 73364 --- [o-auto-1-exec-1] o.a.c.c.C.[Tomcat].[localhost].[/]       : Initializing Spring DispatcherServlet 'dispatcherServlet'
2023-10-18T20:57:10.728-05:00  INFO 73364 --- [o-auto-1-exec-1] o.s.web.servlet.DispatcherServlet        : Initializing Servlet 'dispatcherServlet'
2023-10-18T20:57:10.730-05:00  INFO 73364 --- [o-auto-1-exec-1] o.s.web.servlet.DispatcherServlet        : Completed initialization in 1 ms
]]></system-out>
  </testcase>
  <testcase name="testSubtract" classname="com.eafit.calculatordvj.CalculatorApplicationTests" time="0.013"/>
  <testcase name="testCube" classname="com.eafit.calculatordvj.CalculatorApplicationTests" time="0.012"/>
  <testcase name="testHelloWithoutNameParam" classname="com.eafit.calculatordvj.CalculatorApplicationTests" time="0.01"/>
  <testcase name="testHelloWithNameParam" classname="com.eafit.calculatordvj.CalculatorApplicationTests" time="0.013"/>
  <testcase name="testIndexWithNameParam" classname="com.eafit.calculatordvj.CalculatorApplicationTests" time="0.009"/>
  <testcase name="contextLoads" classname="com.eafit.calculatordvj.CalculatorApplicationTests" time="0.004"/>
  <testcase name="testSquare" classname="com.eafit.calculatordvj.CalculatorApplicationTests" time="0.01"/>
</testsuite>